<?xml version="1.0" encoding="UTF-8" ?>
<testsuite tests="8" failures="0" name="br.com.tiagoamp.aton.dao.PessoaDAOTest" time="2.92" errors="1" skipped="0">
  <properties>
[...]
</properties>
  <testcase classname="br.com.tiagoamp.aton.dao.PessoaDAOTest" name="testConsultarPorNomeAproximado" time="0.725"/>
  <testcase classname="br.com.tiagoamp.aton.dao.PessoaDAOTest" name="testConsultarStringStringString" time="0.248"/>
  <testcase classname="br.com.tiagoamp.aton.dao.PessoaDAOTest" name="testConsultarPorId" time="0.267"/>
  <testcase classname="br.com.tiagoamp.aton.dao.PessoaDAOTest" name="testConsultarPorEmail" time="0.268"/>
  <testcase classname="br.com.tiagoamp.aton.dao.PessoaDAOTest" name="testConsultar" time="0.36"/>
  <testcase classname="br.com.tiagoamp.aton.dao.PessoaDAOTest" name="testAtualizar" time="0.403">
    <error message="Index: 0, Size: 0" type="java.lang.IndexOutOfBoundsException">java.lang.IndexOutOfBoundsException: Index: 0, Size: 0
	at java.util.ArrayList.rangeCheck(ArrayList.java:653)
	at java.util.ArrayList.get(ArrayList.java:429)
	at br.com.tiagoamp.aton.dao.PessoaDAOTest.testAtualizar(PessoaDAOTest.java:79)
	at sun.reflect.NativeMethodAccessorImpl.invoke0(Native Method)
	at sun.reflect.NativeMethodAccessorImpl.invoke(NativeMethodAccessorImpl.java:62)
	at sun.reflect.DelegatingMethodAccessorImpl.invoke(DelegatingMethodAccessorImpl.java:43)
	at java.lang.reflect.Method.invoke(Method.java:497)
	at org.junit.runners.model.FrameworkMethod$1.runReflectiveCall(FrameworkMethod.java:50)
	at org.junit.internal.runners.model.ReflectiveCallable.run(ReflectiveCallable.java:12)
	at org.junit.runners.model.FrameworkMethod.invokeExplosively(FrameworkMethod.java:47)
	at org.junit.internal.runners.statements.InvokeMethod.evaluate(InvokeMethod.java:17)
	at org.junit.internal.runners.statements.RunBefores.evaluate(RunBefores.java:26)
	at org.junit.internal.runners.statements.RunAfters.evaluate(RunAfters.java:27)
	at org.junit.runners.ParentRunner.runLeaf(ParentRunner.java:325)
	at org.junit.runners.BlockJUnit4ClassRunner.runChild(BlockJUnit4ClassRunner.java:78)
	at org.junit.runners.BlockJUnit4ClassRunner.runChild(BlockJUnit4ClassRunner.java:57)
	at org.junit.runners.ParentRunner$3.run(ParentRunner.java:290)
	at org.junit.runners.ParentRunner$1.schedule(ParentRunner.java:71)
	at org.junit.runners.ParentRunner.runChildren(ParentRunner.java:288)
	at org.junit.runners.ParentRunner.access$000(ParentRunner.java:58)
	at org.junit.runners.ParentRunner$2.evaluate(ParentRunner.java:268)
	at org.junit.runners.ParentRunner.run(ParentRunner.java:363)
	at org.apache.maven.surefire.junit4.JUnit4Provider.execute(JUnit4Provider.java:252)
	at org.apache.maven.surefire.junit4.JUnit4Provider.executeTestSet(JUnit4Provider.java:141)
	at org.apache.maven.surefire.junit4.JUnit4Provider.invoke(JUnit4Provider.java:112)
	at sun.reflect.NativeMethodAccessorImpl.invoke0(Native Method)
	at sun.reflect.NativeMethodAccessorImpl.invoke(NativeMethodAccessorImpl.java:62)
	at sun.reflect.DelegatingMethodAccessorImpl.invoke(DelegatingMethodAccessorImpl.java:43)
	at java.lang.reflect.Method.invoke(Method.java:497)
	at org.apache.maven.surefire.util.ReflectionUtils.invokeMethodWithArray(ReflectionUtils.java:189)
	at org.apache.maven.surefire.booter.ProviderFactory$ProviderProxy.invoke(ProviderFactory.java:165)
	at org.apache.maven.surefire.booter.ProviderFactory.invokeProvider(ProviderFactory.java:85)
	at org.apache.maven.surefire.booter.ForkedBooter.runSuitesInProcess(ForkedBooter.java:115)
	at org.apache.maven.surefire.booter.ForkedBooter.main(ForkedBooter.java:75)
</error>
    <system-out>10:38:01,459 DEBUG [PessoaDaoBdLocal    ] Consultando todas &apos;pessoas&apos;
10:38:01,459 DEBUG [PessoaDaoBdLocal    ] Consulta concluída!
10:38:01,460 DEBUG [PessoaDaoBdLocal    ] Inserindo : NOME DE TESTE - TESTE@TESTEMAIL.COM - ADMINISTRADOR
10:38:01,582 DEBUG [PessoaDaoBdLocal    ] Inserção executada!
10:38:01,583 DEBUG [PessoaDaoBdLocal    ] Consultando com parametros: NOME DE TESTE,11-1111-1111,ADMINISTRADOR
10:38:01,584 DEBUG [PessoaDaoBdLocal    ] Consulta concluída!
10:38:01,584 DEBUG [PessoaDaoBdLocal    ] Atualizando: Nome alterado 2 - TESTE@TESTEMAIL.COM - ADMINISTRADOR
10:38:01,708 DEBUG [PessoaDaoBdLocal    ] Atualização executada!
10:38:01,708 DEBUG [PessoaDaoBdLocal    ] Consultando com parametros: Nome alterado 2,11-1111-1111,ADMINISTRADOR
10:38:01,709 DEBUG [PessoaDaoBdLocal    ] Consulta concluída!
10:38:01,709 DEBUG [PessoaDaoBdLocal    ] Consultando todas &apos;pessoas&apos;
10:38:01,710 DEBUG [PessoaDaoBdLocal    ] Consulta concluída!
10:38:01,710 DEBUG [PessoaDaoBdLocal    ] Apagando id: 1
10:38:01,850 DEBUG [PessoaDaoBdLocal    ] Exclusão concluída!
</system-out>
  </testcase>
  <testcase classname="br.com.tiagoamp.aton.dao.PessoaDAOTest" name="testApagar" time="0.365"/>
  <testcase classname="br.com.tiagoamp.aton.dao.PessoaDAOTest" name="testInserir" time="0.284"/>
</testsuite>