<?xml version="1.0" encoding="UTF-8" ?>
<testsuite tests="8" failures="0" name="br.com.tiagoamp.aton.dao.PessoaDAOTest" time="2.92" errors="1" skipped="0">
  <properties>
    <property name="java.runtime.name" value="Java(TM) SE Runtime Environment"/>
    <property name="sun.boot.library.path" value="/opt/jdk/jdk1.8.0_65/jre/lib/amd64"/>
    <property name="java.vm.version" value="25.65-b01"/>
    <property name="java.vm.vendor" value="Oracle Corporation"/>
    <property name="maven.multiModuleProjectDirectory" value="/home/d333280/Ti/proj/Biblioteca/sourcecode/aton"/>
    <property name="java.vendor.url" value="http://java.oracle.com/"/>
    <property name="path.separator" value=":"/>
    <property name="guice.disable.misplaced.annotation.check" value="true"/>
    <property name="java.vm.name" value="Java HotSpot(TM) 64-Bit Server VM"/>
    <property name="file.encoding.pkg" value="sun.io"/>
    <property name="user.country" value="US"/>
    <property name="sun.java.launcher" value="SUN_STANDARD"/>
    <property name="sun.os.patch.level" value="unknown"/>
    <property name="java.vm.specification.name" value="Java Virtual Machine Specification"/>
    <property name="user.dir" value="/home/d333280/Ti/proj/Biblioteca/sourcecode/aton"/>
    <property name="java.runtime.version" value="1.8.0_65-b17"/>
    <property name="java.awt.graphicsenv" value="sun.awt.X11GraphicsEnvironment"/>
    <property name="java.endorsed.dirs" value="/opt/jdk/jdk1.8.0_65/jre/lib/endorsed"/>
    <property name="os.arch" value="amd64"/>
    <property name="java.io.tmpdir" value="/tmp"/>
    <property name="line.separator" value="
"/>
    <property name="java.vm.specification.vendor" value="Oracle Corporation"/>
    <property name="os.name" value="Linux"/>
    <property name="classworlds.conf" value="/home/d333280/apache-maven-3.3.9//bin/m2.conf"/>
    <property name="sun.jnu.encoding" value="UTF-8"/>
    <property name="java.library.path" value="/usr/java/packages/lib/amd64:/usr/lib64:/lib64:/lib:/usr/lib"/>
    <property name="java.specification.name" value="Java Platform API Specification"/>
    <property name="java.class.version" value="52.0"/>
    <property name="sun.management.compiler" value="HotSpot 64-Bit Tiered Compilers"/>
    <property name="os.version" value="3.19.0-58-generic"/>
    <property name="user.home" value="/home/d333280"/>
    <property name="user.timezone" value="America/Sao_Paulo"/>
    <property name="java.awt.printerjob" value="sun.print.PSPrinterJob"/>
    <property name="file.encoding" value="UTF-8"/>
    <property name="java.specification.version" value="1.8"/>
    <property name="user.name" value="d333280"/>
    <property name="java.class.path" value="/home/d333280/apache-maven-3.3.9//boot/plexus-classworlds-2.5.2.jar"/>
    <property name="java.vm.specification.version" value="1.8"/>
    <property name="sun.arch.data.model" value="64"/>
    <property name="java.home" value="/opt/jdk/jdk1.8.0_65/jre"/>
    <property name="sun.java.command" value="org.codehaus.plexus.classworlds.launcher.Launcher package"/>
    <property name="java.specification.vendor" value="Oracle Corporation"/>
    <property name="user.language" value="en"/>
    <property name="awt.toolkit" value="sun.awt.X11.XToolkit"/>
    <property name="java.vm.info" value="mixed mode"/>
    <property name="java.version" value="1.8.0_65"/>
    <property name="java.ext.dirs" value="/opt/jdk/jdk1.8.0_65/jre/lib/ext:/usr/java/packages/lib/ext"/>
    <property name="securerandom.source" value="file:/dev/./urandom"/>
    <property name="sun.boot.class.path" value="/opt/jdk/jdk1.8.0_65/jre/lib/resources.jar:/opt/jdk/jdk1.8.0_65/jre/lib/rt.jar:/opt/jdk/jdk1.8.0_65/jre/lib/sunrsasign.jar:/opt/jdk/jdk1.8.0_65/jre/lib/jsse.jar:/opt/jdk/jdk1.8.0_65/jre/lib/jce.jar:/opt/jdk/jdk1.8.0_65/jre/lib/charsets.jar:/opt/jdk/jdk1.8.0_65/jre/lib/jfr.jar:/opt/jdk/jdk1.8.0_65/jre/classes"/>
    <property name="java.vendor" value="Oracle Corporation"/>
    <property name="maven.home" value="/home/d333280/apache-maven-3.3.9"/>
    <property name="file.separator" value="/"/>
    <property name="java.vendor.url.bug" value="http://bugreport.sun.com/bugreport/"/>
    <property name="sun.cpu.endian" value="little"/>
    <property name="sun.io.unicode.encoding" value="UnicodeLittle"/>
    <property name="sun.desktop" value="gnome"/>
    <property name="sun.cpu.isalist" value=""/>
  </properties>
  <testcase classname="br.com.tiagoamp.aton.dao.PessoaDAOTest" name="testConsultarPorNomeAproximado" time="0.725"/>
  <testcase classname="br.com.tiagoamp.aton.dao.PessoaDAOTest" name="testConsultarStringStringString" time="0.248"/>
  <testcase classname="br.com.tiagoamp.aton.dao.PessoaDAOTest" name="testConsultarPorId" time="0.267"/>
  <testcase classname="br.com.tiagoamp.aton.dao.PessoaDAOTest" name="testConsultarPorEmail" time="0.268"/>
  <testcase classname="br.com.tiagoamp.aton.dao.PessoaDAOTest" name="testConsultar" time="0.36"/>
  <testcase classname="br.com.tiagoamp.aton.dao.PessoaDAOTest" name="testAtualizar" time="0.403">
    <error message="Index: 0, Size: 0" type="java.lang.IndexOutOfBoundsException">java.lang.IndexOutOfBoundsException: Index: 0, Size: 0
	at java.util.ArrayList.rangeCheck(ArrayList.java:653)
	at java.util.ArrayList.get(ArrayList.java:429)
	at br.com.tiagoamp.aton.dao.PessoaDAOTest.testAtualizar(PessoaDAOTest.java:79)
	at sun.reflect.NativeMethodAccessorImpl.invoke0(Native Method)
	at sun.reflect.NativeMethodAccessorImpl.invoke(NativeMethodAccessorImpl.java:62)
	at sun.reflect.DelegatingMethodAccessorImpl.invoke(DelegatingMethodAccessorImpl.java:43)
	at java.lang.reflect.Method.invoke(Method.java:497)
	at org.junit.runners.model.FrameworkMethod$1.runReflectiveCall(FrameworkMethod.java:50)
	at org.junit.internal.runners.model.ReflectiveCallable.run(ReflectiveCallable.java:12)
	at org.junit.runners.model.FrameworkMethod.invokeExplosively(FrameworkMethod.java:47)
	at org.junit.internal.runners.statements.InvokeMethod.evaluate(InvokeMethod.java:17)
	at org.junit.internal.runners.statements.RunBefores.evaluate(RunBefores.java:26)
	at org.junit.internal.runners.statements.RunAfters.evaluate(RunAfters.java:27)
	at org.junit.runners.ParentRunner.runLeaf(ParentRunner.java:325)
	at org.junit.runners.BlockJUnit4ClassRunner.runChild(BlockJUnit4ClassRunner.java:78)
	at org.junit.runners.BlockJUnit4ClassRunner.runChild(BlockJUnit4ClassRunner.java:57)
	at org.junit.runners.ParentRunner$3.run(ParentRunner.java:290)
	at org.junit.runners.ParentRunner$1.schedule(ParentRunner.java:71)
	at org.junit.runners.ParentRunner.runChildren(ParentRunner.java:288)
	at org.junit.runners.ParentRunner.access$000(ParentRunner.java:58)
	at org.junit.runners.ParentRunner$2.evaluate(ParentRunner.java:268)
	at org.junit.runners.ParentRunner.run(ParentRunner.java:363)
	at org.apache.maven.surefire.junit4.JUnit4Provider.execute(JUnit4Provider.java:252)
	at org.apache.maven.surefire.junit4.JUnit4Provider.executeTestSet(JUnit4Provider.java:141)
	at org.apache.maven.surefire.junit4.JUnit4Provider.invoke(JUnit4Provider.java:112)
	at sun.reflect.NativeMethodAccessorImpl.invoke0(Native Method)
	at sun.reflect.NativeMethodAccessorImpl.invoke(NativeMethodAccessorImpl.java:62)
	at sun.reflect.DelegatingMethodAccessorImpl.invoke(DelegatingMethodAccessorImpl.java:43)
	at java.lang.reflect.Method.invoke(Method.java:497)
	at org.apache.maven.surefire.util.ReflectionUtils.invokeMethodWithArray(ReflectionUtils.java:189)
	at org.apache.maven.surefire.booter.ProviderFactory$ProviderProxy.invoke(ProviderFactory.java:165)
	at org.apache.maven.surefire.booter.ProviderFactory.invokeProvider(ProviderFactory.java:85)
	at org.apache.maven.surefire.booter.ForkedBooter.runSuitesInProcess(ForkedBooter.java:115)
	at org.apache.maven.surefire.booter.ForkedBooter.main(ForkedBooter.java:75)
</error>
    <system-out>10:38:01,459 DEBUG [PessoaDaoBdLocal    ] Consultando todas &apos;pessoas&apos;
10:38:01,459 DEBUG [PessoaDaoBdLocal    ] Consulta concluída!
10:38:01,460 DEBUG [PessoaDaoBdLocal    ] Inserindo : NOME DE TESTE - TESTE@TESTEMAIL.COM - ADMINISTRADOR
10:38:01,582 DEBUG [PessoaDaoBdLocal    ] Inserção executada!
10:38:01,583 DEBUG [PessoaDaoBdLocal    ] Consultando com parametros: NOME DE TESTE,11-1111-1111,ADMINISTRADOR
10:38:01,584 DEBUG [PessoaDaoBdLocal    ] Consulta concluída!
10:38:01,584 DEBUG [PessoaDaoBdLocal    ] Atualizando: Nome alterado 2 - TESTE@TESTEMAIL.COM - ADMINISTRADOR
10:38:01,708 DEBUG [PessoaDaoBdLocal    ] Atualização executada!
10:38:01,708 DEBUG [PessoaDaoBdLocal    ] Consultando com parametros: Nome alterado 2,11-1111-1111,ADMINISTRADOR
10:38:01,709 DEBUG [PessoaDaoBdLocal    ] Consulta concluída!
10:38:01,709 DEBUG [PessoaDaoBdLocal    ] Consultando todas &apos;pessoas&apos;
10:38:01,710 DEBUG [PessoaDaoBdLocal    ] Consulta concluída!
10:38:01,710 DEBUG [PessoaDaoBdLocal    ] Apagando id: 1
10:38:01,850 DEBUG [PessoaDaoBdLocal    ] Exclusão concluída!
</system-out>
  </testcase>
  <testcase classname="br.com.tiagoamp.aton.dao.PessoaDAOTest" name="testApagar" time="0.365"/>
  <testcase classname="br.com.tiagoamp.aton.dao.PessoaDAOTest" name="testInserir" time="0.284"/>
</testsuite>